  DNSHomework2.cpp
C:\Users\austi\Google Drive\DNSHomework2\DNSHomework2.cpp(118,40): warning C4267: '=': conversion from 'size_t' to 'char', possible loss of data
C:\Users\austi\Google Drive\DNSHomework2\DNSHomework2.cpp(121,36): warning C4267: '+=': conversion from 'size_t' to 'int', possible loss of data
C:\Users\austi\Google Drive\DNSHomework2\DNSHomework2.cpp(127,84): warning C4267: 'initializing': conversion from 'size_t' to 'int', possible loss of data
C:\Users\austi\Google Drive\DNSHomework2\DNSHomework2.cpp(133,12): warning C4244: 'argument': conversion from 'time_t' to 'unsigned int', possible loss of data
C:\Users\austi\Google Drive\DNSHomework2\DNSHomework2.cpp(232,10): warning C4477: 'printf' : format string '%s' requires an argument of type 'char *', but variadic argument 1 has type 'std::string'
C:\Users\austi\Google Drive\DNSHomework2\DNSHomework2.cpp(536,85): warning C4474: 'printf' : too many arguments passed for format string
C:\Users\austi\Google Drive\DNSHomework2\DNSHomework2.cpp(536,85): message : placeholders and their parameters expect 0 variadic arguments, but 2 were provided
C:\Users\austi\Google Drive\DNSHomework2\DNSHomework2.cpp(578,90): warning C4267: 'initializing': conversion from 'size_t' to 'int', possible loss of data
C:\Users\austi\Google Drive\DNSHomework2\DNSHomework2.cpp(678,4): error C2065: 'currPos': undeclared identifier
C:\Users\austi\Google Drive\DNSHomework2\DNSHomework2.cpp(678,14): error C3861: 'parseAnswers': identifier not found
C:\Users\austi\Google Drive\DNSHomework2\DNSHomework2.cpp(679,15): error C2065: 'currPos': undeclared identifier
C:\Users\austi\Google Drive\DNSHomework2\DNSHomework2.cpp(680,11): warning C4477: 'printf' : format string '%X' requires an argument of type 'unsigned int', but variadic argument 1 has type 'char *'
C:\Users\austi\Google Drive\DNSHomework2\DNSHomework2.cpp(680,11): warning C4313: 'printf': '%X' in format string conflicts with argument 1 of type 'char *'
C:\Users\austi\Google Drive\DNSHomework2\DNSHomework2.cpp(682,4): error C2065: 'currPos': undeclared identifier
